<?xml version="1.0" encoding="UTF-8"?>
<testng-results ignored="1" total="9" passed="8" failed="0" skipped="0">
  <reporter-output>
  </reporter-output>
  <suite started-at="2018-07-16T18:14:24Z" name="Default suite" finished-at="2018-07-16T18:14:24Z" duration-ms="63">
    <groups>
      <group name="Smoke">
        <method signature="Day3.WebloginCarLoan()[pri:0, instance:test.Day3@394df057]" name="WebloginCarLoan" class="test.Day3"/>
        <method signature="Day3.MobileLoginCarLoan()[pri:0, instance:test.Day3@394df057]" name="MobileLoginCarLoan" class="test.Day3"/>
      </group> <!-- Smoke -->
    </groups>
    <test started-at="2018-07-16T18:14:24Z" name="Default test" finished-at="2018-07-16T18:14:24Z" duration-ms="63">
      <class name="test.Day3">
        <test-method is-config="true" signature="Bfsuite()[pri:0, instance:test.Day3@394df057]" started-at="2018-07-16T18:14:24Z" name="Bfsuite" finished-at="2018-07-16T18:14:24Z" duration-ms="8" status="PASS">
          <reporter-output>
          </reporter-output>
        </test-method> <!-- Bfsuite -->
        <test-method is-config="true" signature="befff()[pri:0, instance:test.Day3@394df057]" started-at="2018-07-16T18:14:24Z" name="befff" finished-at="2018-07-16T18:14:24Z" duration-ms="0" status="PASS">
          <reporter-output>
          </reporter-output>
        </test-method> <!-- befff -->
        <test-method signature="WebloginCarLoan()[pri:0, instance:test.Day3@394df057]" started-at="2018-07-16T18:14:24Z" name="WebloginCarLoan" finished-at="2018-07-16T18:14:24Z" duration-ms="6" status="PASS">
          <reporter-output>
          </reporter-output>
        </test-method> <!-- WebloginCarLoan -->
        <test-method is-config="true" signature="beforeevery()[pri:0, instance:test.Day3@394df057]" started-at="2018-07-16T18:14:24Z" name="beforeevery" finished-at="2018-07-16T18:14:24Z" duration-ms="0" status="PASS">
          <reporter-output>
          </reporter-output>
        </test-method> <!-- beforeevery -->
        <test-method is-config="true" signature="MobileLoginAPIcarLoan()[pri:0, instance:test.Day3@394df057]" started-at="2018-07-16T18:14:24Z" name="MobileLoginAPIcarLoan" finished-at="2018-07-16T18:14:24Z" duration-ms="1" status="PASS">
          <reporter-output>
          </reporter-output>
        </test-method> <!-- MobileLoginAPIcarLoan -->
        <test-method signature="WeblogincarLoannn(java.lang.String, java.lang.String)[pri:0, instance:test.Day3@394df057]" started-at="2018-07-16T18:14:24Z" name="WeblogincarLoannn" data-provider="getData" finished-at="2018-07-16T18:14:24Z" duration-ms="1" status="PASS">
          <params>
            <param index="0">
              <value>
                <![CDATA[firstusernme]]>
              </value>
            </param>
            <param index="1">
              <value>
                <![CDATA[firstpassword]]>
              </value>
            </param>
          </params>
          <reporter-output>
          </reporter-output>
        </test-method> <!-- WeblogincarLoannn -->
        <test-method is-config="true" signature="beforeevery()[pri:0, instance:test.Day3@394df057]" started-at="2018-07-16T18:14:24Z" name="beforeevery" finished-at="2018-07-16T18:14:24Z" duration-ms="0" status="PASS">
          <reporter-output>
          </reporter-output>
        </test-method> <!-- beforeevery -->
        <test-method is-config="true" signature="MobileLoginAPIcarLoan()[pri:0, instance:test.Day3@394df057]" started-at="2018-07-16T18:14:24Z" name="MobileLoginAPIcarLoan" finished-at="2018-07-16T18:14:24Z" duration-ms="1" status="PASS">
          <reporter-output>
          </reporter-output>
        </test-method> <!-- MobileLoginAPIcarLoan -->
        <test-method is-config="true" signature="beforeevery()[pri:0, instance:test.Day3@394df057]" started-at="2018-07-16T18:14:24Z" name="beforeevery" finished-at="2018-07-16T18:14:24Z" duration-ms="0" status="PASS">
          <reporter-output>
          </reporter-output>
        </test-method> <!-- beforeevery -->
        <test-method signature="WeblogincarLoannn(java.lang.String, java.lang.String)[pri:0, instance:test.Day3@394df057]" started-at="2018-07-16T18:14:24Z" name="WeblogincarLoannn" data-provider="getData" finished-at="2018-07-16T18:14:24Z" duration-ms="2" status="PASS">
          <params>
            <param index="0">
              <value>
                <![CDATA[secondsetusername]]>
              </value>
            </param>
            <param index="1">
              <value>
                <![CDATA[secondpassword]]>
              </value>
            </param>
          </params>
          <reporter-output>
          </reporter-output>
        </test-method> <!-- WeblogincarLoannn -->
        <test-method is-config="true" signature="MobileLoginAPIcarLoan()[pri:0, instance:test.Day3@394df057]" started-at="2018-07-16T18:14:24Z" name="MobileLoginAPIcarLoan" finished-at="2018-07-16T18:14:24Z" duration-ms="1" status="PASS">
          <reporter-output>
          </reporter-output>
        </test-method> <!-- MobileLoginAPIcarLoan -->
        <test-method is-config="true" signature="beforeevery()[pri:0, instance:test.Day3@394df057]" started-at="2018-07-16T18:14:24Z" name="beforeevery" finished-at="2018-07-16T18:14:24Z" duration-ms="0" status="PASS">
          <reporter-output>
          </reporter-output>
        </test-method> <!-- beforeevery -->
        <test-method signature="WeblogincarLoannn(java.lang.String, java.lang.String)[pri:0, instance:test.Day3@394df057]" started-at="2018-07-16T18:14:24Z" name="WeblogincarLoannn" data-provider="getData" finished-at="2018-07-16T18:14:24Z" duration-ms="2" status="PASS">
          <params>
            <param index="0">
              <value>
                <![CDATA[thirdusername]]>
              </value>
            </param>
            <param index="1">
              <value>
                <![CDATA[thirdpassword]]>
              </value>
            </param>
          </params>
          <reporter-output>
          </reporter-output>
        </test-method> <!-- WeblogincarLoannn -->
        <test-method is-config="true" signature="MobileLoginAPIcarLoan()[pri:0, instance:test.Day3@394df057]" started-at="2018-07-16T18:14:24Z" name="MobileLoginAPIcarLoan" finished-at="2018-07-16T18:14:24Z" duration-ms="1" status="PASS">
          <reporter-output>
          </reporter-output>
        </test-method> <!-- MobileLoginAPIcarLoan -->
        <test-method is-config="true" signature="beforeevery()[pri:0, instance:test.Day3@394df057]" started-at="2018-07-16T18:14:24Z" name="beforeevery" finished-at="2018-07-16T18:14:24Z" duration-ms="0" status="PASS">
          <reporter-output>
          </reporter-output>
        </test-method> <!-- beforeevery -->
        <test-method signature="EXXX()[pri:0, instance:test.Day3@394df057]" started-at="2018-07-16T18:14:24Z" name="EXXX" finished-at="2018-07-16T18:14:24Z" duration-ms="1" status="PASS">
          <reporter-output>
          </reporter-output>
        </test-method> <!-- EXXX -->
        <test-method is-config="true" signature="MobileLoginAPIcarLoan()[pri:0, instance:test.Day3@394df057]" started-at="2018-07-16T18:14:24Z" name="MobileLoginAPIcarLoan" finished-at="2018-07-16T18:14:24Z" duration-ms="1" status="PASS">
          <reporter-output>
          </reporter-output>
        </test-method> <!-- MobileLoginAPIcarLoan -->
        <test-method is-config="true" signature="beforeevery()[pri:0, instance:test.Day3@394df057]" started-at="2018-07-16T18:14:24Z" name="beforeevery" finished-at="2018-07-16T18:14:24Z" duration-ms="0" status="PASS">
          <reporter-output>
          </reporter-output>
        </test-method> <!-- beforeevery -->
        <test-method signature="MobileLoginCarLoan()[pri:0, instance:test.Day3@394df057]" started-at="2018-07-16T18:14:24Z" name="MobileLoginCarLoan" finished-at="2018-07-16T18:14:24Z" duration-ms="2" status="PASS">
          <reporter-output>
          </reporter-output>
        </test-method> <!-- MobileLoginCarLoan -->
        <test-method is-config="true" signature="MobileLoginAPIcarLoan()[pri:0, instance:test.Day3@394df057]" started-at="2018-07-16T18:14:24Z" name="MobileLoginAPIcarLoan" finished-at="2018-07-16T18:14:24Z" duration-ms="0" status="PASS">
          <reporter-output>
          </reporter-output>
        </test-method> <!-- MobileLoginAPIcarLoan -->
        <test-method signature="SignOut()[pri:0, instance:test.Day3@394df057]" started-at="2018-07-16T18:14:24Z" name="SignOut" finished-at="2018-07-16T18:14:24Z" duration-ms="2" status="PASS">
          <reporter-output>
          </reporter-output>
        </test-method> <!-- SignOut -->
        <test-method is-config="true" signature="beforeevery()[pri:0, instance:test.Day3@394df057]" started-at="2018-07-16T18:14:24Z" name="beforeevery" finished-at="2018-07-16T18:14:24Z" duration-ms="0" status="PASS">
          <reporter-output>
          </reporter-output>
        </test-method> <!-- beforeevery -->
        <test-method is-config="true" signature="MobileLoginAPIcarLoan()[pri:0, instance:test.Day3@394df057]" started-at="2018-07-16T18:14:24Z" name="MobileLoginAPIcarLoan" finished-at="2018-07-16T18:14:24Z" duration-ms="0" status="PASS">
          <reporter-output>
          </reporter-output>
        </test-method> <!-- MobileLoginAPIcarLoan -->
        <test-method signature="APIcarLoan()[pri:0, instance:test.Day3@394df057]" started-at="2018-07-16T18:14:24Z" name="APIcarLoan" finished-at="2018-07-16T18:14:24Z" depends-on-methods="test.Day3.WebloginCarLoan" duration-ms="1" status="PASS">
          <reporter-output>
          </reporter-output>
        </test-method> <!-- APIcarLoan -->
        <test-method is-config="true" signature="beforeevery()[pri:0, instance:test.Day3@394df057]" started-at="2018-07-16T18:14:24Z" name="beforeevery" finished-at="2018-07-16T18:14:24Z" duration-ms="0" status="PASS">
          <reporter-output>
          </reporter-output>
        </test-method> <!-- beforeevery -->
        <test-method is-config="true" signature="afterclass()[pri:0, instance:test.Day3@394df057]" started-at="2018-07-16T18:14:24Z" name="afterclass" finished-at="2018-07-16T18:14:24Z" duration-ms="0" status="PASS">
          <reporter-output>
          </reporter-output>
        </test-method> <!-- afterclass -->
        <test-method is-config="true" signature="MobileLoginAPIcarLoan()[pri:0, instance:test.Day3@394df057]" started-at="2018-07-16T18:14:24Z" name="MobileLoginAPIcarLoan" finished-at="2018-07-16T18:14:24Z" duration-ms="0" status="PASS">
          <reporter-output>
          </reporter-output>
        </test-method> <!-- MobileLoginAPIcarLoan -->
      </class> <!-- test.Day3 -->
    </test> <!-- Default test -->
  </suite> <!-- Default suite -->
</testng-results>
