<?xml version="1.0" encoding="UTF-8"?>
<testng-results skipped="0" failed="0" ignored="0" total="1" passed="1">
  <reporter-output>
  </reporter-output>
  <suite name="Default suite" duration-ms="34" started-at="2018-10-09T03:01:12Z" finished-at="2018-10-09T03:01:12Z">
    <groups>
    </groups>
    <test name="Default test" duration-ms="34" started-at="2018-10-09T03:01:12Z" finished-at="2018-10-09T03:01:12Z">
      <class name="secPack.JustOnecl">
        <test-method status="PASS" signature="FFFF()[pri:0, instance:secPack.JustOnecl@215be6bb]" name="FFFF" duration-ms="9" started-at="2018-10-09T03:01:12Z" finished-at="2018-10-09T03:01:12Z">
          <reporter-output>
          </reporter-output>
        </test-method> <!-- FFFF -->
      </class> <!-- secPack.JustOnecl -->
    </test> <!-- Default test -->
  </suite> <!-- Default suite -->
</testng-results>
