<?xml version="1.0" encoding="UTF-8"?>
<!-- Generated by org.testng.reporters.JUnitXMLReporter -->
<testsuite ignored="1" hostname="Sasha" failures="0" tests="8" name="Default test" time="0.063" errors="0" timestamp="16 Jul 2018 18:14:24 GMT">
  <testcase classname="test.Day3" name="WebloginCarLoan" time="0.006"/>
  <testcase classname="test.Day3" name="WeblogincarLoannn" time="0.001"/>
  <testcase classname="test.Day3" name="WeblogincarLoannn" time="0.002"/>
  <testcase classname="test.Day3" name="WeblogincarLoannn" time="0.002"/>
  <testcase classname="test.Day3" name="EXXX" time="0.001"/>
  <testcase classname="test.Day3" name="MobileLoginCarLoan" time="0.002"/>
  <testcase classname="test.Day3" name="SignOut" time="0.002"/>
  <testcase classname="test.Day3" name="APIcarLoan" time="0.001"/>
  <testcase classname="test.Day3" name="APISecond" time="0.0">
    <ignored/>
  </testcase> <!-- APISecond -->
</testsuite> <!-- Default test -->
