<?xml version="1.0" encoding="UTF-8"?>
<testng-results ignored="0" total="1" passed="1" failed="0" skipped="0">
  <reporter-output>
  </reporter-output>
  <suite started-at="2018-07-16T18:23:28Z" name="Default suite" finished-at="2018-07-16T18:23:32Z" duration-ms="4356">
    <groups>
    </groups>
    <test started-at="2018-07-16T18:23:28Z" name="Default test" finished-at="2018-07-16T18:23:32Z" duration-ms="4356">
      <class name="Annot2">
        <test-method signature="Login()[pri:0, instance:Annot2@4e50c791]" started-at="2018-07-16T18:23:28Z" name="Login" finished-at="2018-07-16T18:23:32Z" duration-ms="4319" status="PASS">
          <reporter-output>
          </reporter-output>
        </test-method> <!-- Login -->
      </class> <!-- Annot2 -->
    </test> <!-- Default test -->
  </suite> <!-- Default suite -->
</testng-results>
