<?xml version="1.0" encoding="UTF-8"?>
<!-- Generated by org.testng.reporters.JUnitXMLReporter -->
<testsuite hostname="Sasha" ignored="2" tests="1" failures="0" timestamp="26 Sep 2018 14:46:40 GMT" time="0.004" errors="0">
  <testcase name="vtoroiOne" time="0.001" classname="Second"/>
  <testcase name="VtTR" time="0.0" classname="Second">
    <ignored/>
  </testcase> <!-- VtTR -->
  <testcase name="Vtoroi" time="0.0" classname="Second">
    <ignored/>
  </testcase> <!-- Vtoroi -->
</testsuite>
