<?xml version="1.0" encoding="UTF-8"?>
<testng-results skipped="0" failed="0" ignored="0" total="1" passed="1">
  <reporter-output>
  </reporter-output>
  <suite name="Default suite" duration-ms="73" started-at="2018-10-10T01:49:25Z" finished-at="2018-10-10T01:49:25Z">
    <groups>
    </groups>
    <test name="Default test" duration-ms="73" started-at="2018-10-10T01:49:25Z" finished-at="2018-10-10T01:49:25Z">
      <class name="b">
        <test-method status="PASS" signature="fff()[pri:0, instance:b@33f88ab]" name="fff" duration-ms="16" started-at="2018-10-10T01:49:25Z" finished-at="2018-10-10T01:49:25Z">
          <reporter-output>
          </reporter-output>
        </test-method> <!-- fff -->
      </class> <!-- b -->
    </test> <!-- Default test -->
  </suite> <!-- Default suite -->
</testng-results>
