<?xml version="1.0" encoding="UTF-8"?>
<!-- Generated by org.testng.reporters.JUnitXMLReporter -->
<testsuite ignored="2" hostname="Sasha" failures="0" tests="7" name="Car Loan" time="0.038" errors="0" timestamp="14 Jul 2018 18:58:57 GMT">
  <testcase classname="test.Day3" name="WebloginCarLoan" time="0.003"/>
  <testcase classname="test.Day3" name="WeblogincarLoannn" time="0.001"/>
  <testcase classname="test.Day3" name="WeblogincarLoannn" time="0.002"/>
  <testcase classname="test.Day3" name="WeblogincarLoannn" time="0.001"/>
  <testcase classname="test.Day3" name="EXXX" time="0.001"/>
  <testcase classname="test.Day3" name="SignOut" time="0.001"/>
  <testcase classname="test.Day3" name="APIcarLoan" time="0.001"/>
  <testcase classname="test.Day3" name="MobileLoginCarLoan" time="0.0">
    <ignored/>
  </testcase> <!-- MobileLoginCarLoan -->
  <testcase classname="test.Day3" name="APISecond" time="0.0">
    <ignored/>
  </testcase> <!-- APISecond -->
</testsuite> <!-- Car Loan -->
